<?xml version="1.0" encoding="UTF-8"?>
<!-- Generated by org.testng.reporters.JUnitReportReporter -->
<testsuite hostname="DESKTOP-LDK6U86" failures="0" tests="4" name="LoginTestCases.Login" time="52.435" errors="0" timestamp="2023-03-14T14:48:31 IST" skipped="0">
  <testcase classname="LoginTestCases.Login" name="loginwithCorrectUserName" time="11.913"/>
  <system-out/>
  <testcase classname="LoginTestCases.Login" name="loginwithCorrectUserName" time="12.451"/>
  <system-out/>
  <testcase classname="LoginTestCases.Login" name="loginwithCorrectUserName" time="12.572"/>
  <system-out/>
  <testcase classname="LoginTestCases.Login" name="loginwithCorrectUserName" time="15.499"/>
  <system-out/>
</testsuite> <!-- LoginTestCases.Login -->
