<?xml version="1.0" encoding="UTF-8"?>
<!-- Generated by org.testng.reporters.JUnitReportReporter -->
<testsuite hostname="DESKTOP-LDK6U86" failures="0" tests="1" name="LoginTestCases.CorrectUsername" time="11.471" errors="0" timestamp="2023-03-14T11:47:34 IST" skipped="0">
  <testcase classname="LoginTestCases.CorrectUsername" name="loginwithCorrectUserName" time="11.471"/>
  <system-out/>
</testsuite> <!-- LoginTestCases.CorrectUsername -->
