<?xml version="1.0" encoding="UTF-8"?>
<!-- Generated by org.testng.reporters.JUnitReportReporter -->
<testsuite hostname="DESKTOP-LDK6U86" failures="0" tests="4" name="LoginTestCases.Login" time="23.495" errors="0" timestamp="2023-03-14T19:35:37 IST" skipped="0">
  <testcase classname="LoginTestCases.Login" name="loginwithCorrectUserName" time="3.813"/>
  <system-out/>
  <testcase classname="LoginTestCases.Login" name="loginwithCorrectUserName" time="5.251"/>
  <system-out/>
  <testcase classname="LoginTestCases.Login" name="loginwithCorrectUserName" time="4.912"/>
  <system-out/>
  <testcase classname="LoginTestCases.Login" name="loginwithCorrectUserName" time="9.519"/>
  <system-out/>
</testsuite> <!-- LoginTestCases.Login -->
