<?xml version="1.0" encoding="UTF-8"?>
<!-- Generated by org.testng.reporters.JUnitReportReporter -->
<testsuite hostname="DESKTOP-LDK6U86" failures="0" tests="1" name="LoginTestCases.BothCorrect" time="15.096" errors="0" timestamp="2023-03-14T12:32:54 IST" skipped="0">
  <testcase classname="LoginTestCases.BothCorrect" name="loginwithCorrectUserName" time="15.096"/>
  <system-out/>
</testsuite> <!-- LoginTestCases.BothCorrect -->
